test impcoreexample/Input/relprime.imp: User:0.000000e+00 System0.000000e+00
step: User:0.000000e+00 System1.000000e-03
step: User:0.000000e+00 System0.000000e+00
step: User:0.000000e+00 System1.000000e-03
step: User:0.000000e+00 System0.000000e+00
step: User:0.000000e+00 System1.000000e-03
step: User:0.000000e+00 System0.000000e+00
steprule: User:0.000000e+00 System1.999000e-03
str: User:0.000000e+00 System0.000000e+00
ctkn: User:0.000000e+00 System0.000000e+00
step: User:0.000000e+00 System1.000000e-03
step: User:0.000000e+00 System1.000000e-03
crule: User:0.000000e+00 System8.999000e-03
step: User:0.000000e+00 System9.990000e-04
rulepos: User:0.000000e+00 System9.999000e-03
crule: User:2.999000e-03 System6.999000e-03
crule: User:1.000000e-03 System9.998000e-03
crule: User:2.999000e-03 System7.999000e-03
steprule: User:0.000000e+00 System1.000000e-03
str: User:0.000000e+00 System0.000000e+00
steprule: User:0.000000e+00 System2.000000e-03
br: User:0.000000e+00 System1.000000e-03
step: User:0.000000e+00 System0.000000e+00
str: User:0.000000e+00 System9.990000e-04
step: User:1.000000e-03 System0.000000e+00
str: User:0.000000e+00 System0.000000e+00
step: User:0.000000e+00 System0.000000e+00
step: User:0.000000e+00 System1.000000e-03
step: User:1.000000e-03 System0.000000e+00
crule: User:4.999000e-03 System3.599500e-02
ctkn: User:0.000000e+00 System0.000000e+00
step: User:0.000000e+00 System1.000000e-03
ctkn: User:0.000000e+00 System0.000000e+00
step: User:0.000000e+00 System9.990000e-04
br: User:4.999000e-03 System6.000000e-03
br: User:1.499800e-02 System9.998000e-03
str: User:1.000000e-03 System0.000000e+00
rulepos: User:2.999500e-02 System8.098800e-02
steprule: User:1.000000e-03 System1.999000e-03
crule: User:3.199500e-02 System1.099840e-01
steprule: User:0.000000e+00 System4.000000e-03
steprule: User:0.000000e+00 System2.999000e-03
step: User:0.000000e+00 System1.000000e-03
str: User:0.000000e+00 System0.000000e+00
str: User:0.000000e+00 System0.000000e+00
step: User:1.000000e-03 System0.000000e+00
str: User:1.000000e-03 System0.000000e+00
steprule: User:0.000000e+00 System2.000000e-03
step: User:0.000000e+00 System9.990000e-04
step: User:0.000000e+00 System1.000000e-03
steprule: User:0.000000e+00 System2.000000e-03
crule: User:4.699300e-02 System1.019840e-01
rulepos: User:3.799400e-02 System1.309800e-01
steprule: User:3.000000e-03 System5.000000e-03
step: User:0.000000e+00 System1.999000e-03
str: User:0.000000e+00 System0.000000e+00
step: User:0.000000e+00 System0.000000e+00
steprule: User:1.999000e-03 System2.000000e-03
str: User:0.000000e+00 System1.000000e-03
br: User:1.000000e-03 System1.999700e-02
str: User:0.000000e+00 System1.000000e-03
