test lambdacalcexample/input/ycombinator: User:0.000000e+00 System4.000000e-03
step: User:0.000000e+00 System0.000000e+00
step: User:0.000000e+00 System0.000000e+00
str: User:0.000000e+00 System0.000000e+00
crule: User:5.999000e-03 System3.999400e-02
steprule: User:0.000000e+00 System2.000000e-03
str: User:0.000000e+00 System0.000000e+00
ctkn: User:0.000000e+00 System0.000000e+00
step: User:0.000000e+00 System1.000000e-03
ctkn: User:0.000000e+00 System0.000000e+00
str: User:0.000000e+00 System0.000000e+00
step: User:0.000000e+00 System0.000000e+00
str: User:1.000000e-03 System0.000000e+00
rulepos: User:6.999000e-03 System4.999200e-02
step: User:0.000000e+00 System0.000000e+00
step: User:0.000000e+00 System1.000000e-03
steprule: User:0.000000e+00 System2.999000e-03
str: User:0.000000e+00 System0.000000e+00
br: User:3.999000e-03 System9.999000e-03
br: User:3.000000e-03 System1.399800e-02
str: User:1.000000e-03 System0.000000e+00
step: User:0.000000e+00 System9.990000e-04
str: User:1.000000e-03 System0.000000e+00
step: User:1.000000e-03 System0.000000e+00
step: User:0.000000e+00 System0.000000e+00
str: User:0.000000e+00 System1.000000e-03
step: User:0.000000e+00 System0.000000e+00
rulepos: User:1.799800e-02 System4.399400e-02
step: User:0.000000e+00 System0.000000e+00
step: User:0.000000e+00 System9.990000e-04
steprule: User:0.000000e+00 System3.000000e-03
crule: User:2.599600e-02 System2.499600e-02
step: User:0.000000e+00 System0.000000e+00
step: User:0.000000e+00 System1.000000e-03
steprule: User:0.000000e+00 System3.999000e-03
step: User:1.000000e-03 System0.000000e+00
ctkn: User:0.000000e+00 System0.000000e+00
step: User:0.000000e+00 System4.000000e-03
step: User:0.000000e+00 System0.000000e+00
step: User:0.000000e+00 System0.000000e+00
str: User:0.000000e+00 System1.999000e-03
steprule: User:0.000000e+00 System1.000000e-03
br: User:0.000000e+00 System2.000000e-03
str: User:0.000000e+00 System0.000000e+00
step: User:0.000000e+00 System9.990000e-04
step: User:0.000000e+00 System1.000000e-03
steprule: User:0.000000e+00 System2.000000e-03
ctkn: User:0.000000e+00 System0.000000e+00
steprule: User:0.000000e+00 System2.000000e-03
steprule: User:0.000000e+00 System2.999000e-03
str: User:0.000000e+00 System1.000000e-03
step: User:9.990000e-04 System0.000000e+00
step: User:0.000000e+00 System1.000000e-03
step: User:0.000000e+00 System1.000000e-03
step: User:0.000000e+00 System1.000000e-03
steprule: User:0.000000e+00 System5.999000e-03
str: User:0.000000e+00 System1.000000e-03
steprule: User:1.000000e-03 System1.999000e-03
str: User:0.000000e+00 System1.000000e-03
step: User:1.000000e-03 System0.000000e+00
step: User:0.000000e+00 System1.000000e-03
step: User:0.000000e+00 System1.000000e-03
steprule: User:0.000000e+00 System1.000000e-03
