test pcfexample/input/pcftest: User:0.000000e+00 System0.000000e+00
step: User:0.000000e+00 System4.000000e-03
step: User:0.000000e+00 System0.000000e+00
steprule: User:1.000000e-03 System2.000000e-03
str: User:0.000000e+00 System0.000000e+00
crule: User:5.999000e-03 System2.699600e-02
rulepos: User:5.999000e-03 System3.099500e-02
step: User:0.000000e+00 System1.000000e-03
step: User:0.000000e+00 System0.000000e+00
step: User:0.000000e+00 System1.000000e-03
steprule: User:2.000000e-03 System0.000000e+00
steprule: User:1.000000e-03 System1.000000e-03
str: User:0.000000e+00 System1.000000e-03
steprule: User:0.000000e+00 System1.000000e-03
steprule: User:0.000000e+00 System2.000000e-03
crule: User:1.099800e-02 System2.799600e-02
str: User:0.000000e+00 System0.000000e+00
ctkn: User:0.000000e+00 System0.000000e+00
ctkn: User:0.000000e+00 System0.000000e+00
ctkn: User:0.000000e+00 System0.000000e+00
steprule: User:1.000000e-03 System2.999000e-03
step: User:0.000000e+00 System0.000000e+00
ctkn: User:0.000000e+00 System0.000000e+00
steprule: User:0.000000e+00 System3.000000e-03
str: User:0.000000e+00 System1.000000e-03
rulepos: User:3.999000e-03 System3.899400e-02
crule: User:1.299800e-02 System3.299500e-02
steprule: User:2.000000e-03 System4.999000e-03
br: User:1.000000e-03 System2.999000e-03
str: User:0.000000e+00 System0.000000e+00
steprule: User:1.000000e-03 System4.000000e-03
str: User:0.000000e+00 System0.000000e+00
step: User:0.000000e+00 System0.000000e+00
step: User:9.990000e-04 System0.000000e+00
steprule: User:0.000000e+00 System1.999000e-03
crule: User:1.899800e-02 System2.599600e-02
step: User:0.000000e+00 System1.000000e-03
crule: User:2.599600e-02 System3.099500e-02
rulepos: User:1.299800e-02 System4.699300e-02
steprule: User:9.990000e-04 System5.999000e-03
steprule: User:0.000000e+00 System2.000000e-03
crule: User:1.599800e-02 System4.499300e-02
